#
# There is insufficient memory for the Java Runtime Environment to continue.
# Native memory allocation (malloc) failed to allocate 860496 bytes for Chunk::new
# Possible reasons:
#   The system is out of physical RAM or swap space
#   The process is running with CompressedOops enabled, and the Java Heap may be blocking the growth of the native heap
# Possible solutions:
#   Reduce memory load on the system
#   Increase physical memory or swap space
#   Check if swap backing store is full
#   Decrease Java heap size (-Xmx/-Xms)
#   Decrease number of Java threads
#   Decrease Java thread stack sizes (-Xss)
#   Set larger code cache with -XX:ReservedCodeCacheSize=
#   JVM is running with Unscaled Compressed Oops mode in which the Java heap is
#     placed in the first 4GB address space. The Java Heap base address is the
#     maximum limit for the native heap growth. Please use -XX:HeapBaseMinAddress
#     to set the Java Heap base and to place the Java Heap above 4GB virtual address.
# This output file may be truncated or incomplete.
#
#  Out of Memory Error (allocation.cpp:389), pid=22820, tid=0x0000000000003784
#
# JRE version: Java(TM) SE Runtime Environment (8.0_391) (build 1.8.0_391-b13)
# Java VM: Java HotSpot(TM) 64-Bit Server VM (25.391-b13 mixed mode windows-amd64 compressed oops)
# Failed to write core dump. Minidumps are not enabled by default on client versions of Windows
#

---------------  T H R E A D  ---------------

Current thread (0x0000019bea915800):  JavaThread "C2 CompilerThread1" daemon [_thread_in_native, id=14212, stack(0x00000074cfb00000,0x00000074cfc00000)]

Stack: [0x00000074cfb00000,0x00000074cfc00000]
Native frames: (J=compiled Java code, j=interpreted, Vv=VM code, C=native code)
V  [jvm.dll+0x353049]
V  [jvm.dll+0x290062]
V  [jvm.dll+0x290c2d]
V  [jvm.dll+0x285265]
V  [jvm.dll+0xdb9bc]
V  [jvm.dll+0xdc1cc]
V  [jvm.dll+0x47d2d2]
V  [jvm.dll+0x4bd80b]
V  [jvm.dll+0x46b57f]
V  [jvm.dll+0x468c22]
V  [jvm.dll+0x452a6b]
V  [jvm.dll+0xb0766]
V  [jvm.dll+0xaee3f]
V  [jvm.dll+0x251612]
V  [jvm.dll+0x2accfc]
C  [ucrtbase.dll+0x29363]
C  [KERNEL32.DLL+0x1257d]
C  [ntdll.dll+0x5aa58]


Current CompileTask:
C2:   4951 2622   !   4       java.net.URLClassLoader$1::run (81 bytes)


---------------  P R O C E S S  ---------------

Java Threads: ( => current thread )
  0x0000019beb0ab800 JavaThread "Cache worker for file content cache (C:\Users\Ivan\.gradle\caches\8.6\fileContent)" [_thread_blocked, id=19484, stack(0x00000074d1300000,0x00000074d1400000)]
  0x0000019beb0ab000 JavaThread "Cache worker for cache directory md-rule (C:\Users\Ivan\.gradle\caches\8.6\md-rule)" [_thread_blocked, id=17748, stack(0x00000074d1200000,0x00000074d1300000)]
  0x0000019beb0a5800 JavaThread "Cache worker for cache directory md-supplier (C:\Users\Ivan\.gradle\caches\8.6\md-supplier)" [_thread_blocked, id=11728, stack(0x00000074d1100000,0x00000074d1200000)]
  0x0000019beb0a6800 JavaThread "Cache worker for file hash cache (C:\Project\GameStoreBackendKotlin\.gradle\8.6\fileHashes)" [_thread_blocked, id=5892, stack(0x00000074d1000000,0x00000074d1100000)]
  0x0000019beb0aa000 JavaThread "Cache worker for checksums cache (C:\Project\GameStoreBackendKotlin\.gradle\8.6\checksums)" [_thread_blocked, id=5812, stack(0x00000074d0f00000,0x00000074d1000000)]
  0x0000019beb0a8800 JavaThread "File watcher consumer" daemon [_thread_blocked, id=19640, stack(0x00000074d0e00000,0x00000074d0f00000)]
  0x0000019beb0a8000 JavaThread "File watcher server" daemon [_thread_in_native, id=23288, stack(0x00000074d0d00000,0x00000074d0e00000)]
  0x0000019beb0a7000 JavaThread "Cache worker for file hash cache (C:\Users\Ivan\.gradle\caches\8.6\fileHashes)" [_thread_blocked, id=14548, stack(0x00000074d0c00000,0x00000074d0d00000)]
  0x0000019beb0a9800 JavaThread "File lock request listener" [_thread_in_native, id=17672, stack(0x00000074d0b00000,0x00000074d0c00000)]
  0x0000019beb0a4800 JavaThread "Cache worker for journal cache (C:\Users\Ivan\.gradle\caches\journal-1)" [_thread_blocked, id=2584, stack(0x00000074d0a00000,0x00000074d0b00000)]
  0x0000019beb1fe000 JavaThread "Daemon client event forwarder" [_thread_blocked, id=19744, stack(0x00000074d0900000,0x00000074d0a00000)]
  0x0000019beae0b000 JavaThread "Stdin handler" [_thread_blocked, id=22296, stack(0x00000074d0800000,0x00000074d0900000)]
  0x0000019beae0a000 JavaThread "Asynchronous log dispatcher for DefaultDaemonConnection: socket connection from /127.0.0.1:50164 to /127.0.0.1:50165" [_thread_blocked, id=23876, stack(0x00000074d0700000,0x00000074d0800000)]
  0x0000019beb123800 JavaThread "Daemon worker" [_thread_in_vm, id=23700, stack(0x00000074d0600000,0x00000074d0700000)]
  0x0000019beb123000 JavaThread "Cancel handler" [_thread_blocked, id=18652, stack(0x00000074d0500000,0x00000074d0600000)]
  0x0000019bec837000 JavaThread "Handler for socket connection from /127.0.0.1:50164 to /127.0.0.1:50165" [_thread_in_native, id=2792, stack(0x00000074d0400000,0x00000074d0500000)]
  0x0000019bea8d9800 JavaThread "Daemon" [_thread_blocked, id=13868, stack(0x00000074d0300000,0x00000074d0400000)]
  0x0000019bec815800 JavaThread "Daemon periodic checks" [_thread_blocked, id=8648, stack(0x00000074d0200000,0x00000074d0300000)]
  0x0000019bec3f5000 JavaThread "Incoming local TCP Connector on port 50164" [_thread_in_native, id=13472, stack(0x00000074d0100000,0x00000074d0200000)]
  0x0000019bec24c000 JavaThread "Daemon health stats" [_thread_blocked, id=21236, stack(0x00000074d0000000,0x00000074d0100000)]
  0x0000019bea9b4000 JavaThread "Service Thread" daemon [_thread_blocked, id=24536, stack(0x00000074cfe00000,0x00000074cff00000)]
  0x0000019bea91c000 JavaThread "C1 CompilerThread3" daemon [_thread_blocked, id=5732, stack(0x00000074cfd00000,0x00000074cfe00000)]
  0x0000019bea917800 JavaThread "C2 CompilerThread2" daemon [_thread_in_native, id=9464, stack(0x00000074cfc00000,0x00000074cfd00000)]
=>0x0000019bea915800 JavaThread "C2 CompilerThread1" daemon [_thread_in_native, id=14212, stack(0x00000074cfb00000,0x00000074cfc00000)]
  0x0000019bea93e800 JavaThread "C2 CompilerThread0" daemon [_thread_in_native, id=19532, stack(0x00000074cfa00000,0x00000074cfb00000)]
  0x0000019be8a8c800 JavaThread "Attach Listener" daemon [_thread_blocked, id=21352, stack(0x00000074cf900000,0x00000074cfa00000)]
  0x0000019be8a8b800 JavaThread "Signal Dispatcher" daemon [_thread_blocked, id=4284, stack(0x00000074cf800000,0x00000074cf900000)]
  0x0000019be8a6e800 JavaThread "Finalizer" daemon [_thread_blocked, id=13412, stack(0x00000074cf700000,0x00000074cf800000)]
  0x0000019be8a46800 JavaThread "Reference Handler" daemon [_thread_blocked, id=11172, stack(0x00000074cf600000,0x00000074cf700000)]
  0x0000019bd6033800 JavaThread "main" [_thread_blocked, id=4652, stack(0x00000074cec00000,0x00000074ced00000)]

Other Threads:
  0x0000019be8a3b000 VMThread [stack: 0x00000074cf500000,0x00000074cf600000] [id=25496]
  0x0000019bea9c7000 WatcherThread [stack: 0x00000074cff00000,0x00000074d0000000] [id=16676]

VM state:not at safepoint (normal execution)

VM Mutex/Monitor currently owned by a thread: None

heap address: 0x00000000e0000000, size: 512 MB, Compressed Oops mode: 32-bit
Narrow klass base: 0x0000000000000000, Narrow klass shift: 3
Compressed class space size: 1073741824 Address: 0x0000000100000000

Heap:
 PSYoungGen      total 113664K, used 20741K [0x00000000f5580000, 0x00000000fd100000, 0x0000000100000000)
  eden space 100352K, 12% used [0x00000000f5580000,0x00000000f6210350,0x00000000fb780000)
  from space 13312K, 59% used [0x00000000fc400000,0x00000000fcbb1258,0x00000000fd100000)
  to   space 12800K, 0% used [0x00000000fb780000,0x00000000fb780000,0x00000000fc400000)
 ParOldGen       total 175104K, used 10492K [0x00000000e0000000, 0x00000000eab00000, 0x00000000f5580000)
  object space 175104K, 5% used [0x00000000e0000000,0x00000000e0a3f2c8,0x00000000eab00000)
 Metaspace       used 31748K, capacity 33316K, committed 33408K, reserved 1077248K
  class space    used 4643K, capacity 4950K, committed 4992K, reserved 1048576K

Card table byte_map: [0x0000019be6d50000,0x0000019be6e60000] byte_map_base: 0x0000019be6650000

Marking Bits: (ParMarkBitMap*) 0x00007fff15936040
 Begin Bits: [0x0000019be6f10000, 0x0000019be7710000)
 End Bits:   [0x0000019be7710000, 0x0000019be7f10000)

Polling page: 0x0000019bd6110000

CodeCache: size=245760Kb used=9094Kb max_used=9106Kb free=236665Kb
 bounds [0x0000019bd7990000, 0x0000019bd8280000, 0x0000019be6990000]
 total_blobs=3169 nmethods=2707 adapters=374
 compilation: enabled

Compilation events (10 events):
Event: 4.928 Thread 0x0000019bea91c000 2692       3       java.beans.FeatureDescriptor::getClass0 (22 bytes)
Event: 4.928 Thread 0x0000019bea91c000 nmethod 2692 0x0000019bd8267910 code [0x0000019bd8267a80, 0x0000019bd8267df0]
Event: 4.928 Thread 0x0000019bea91c000 2694       1       java.beans.FeatureDescriptor::getName (5 bytes)
Event: 4.928 Thread 0x0000019bea91c000 nmethod 2694 0x0000019bd8267650 code [0x0000019bd82677a0, 0x0000019bd82678b8]
Event: 4.928 Thread 0x0000019bea91c000 2691       3       java.lang.StringBuilder::length (5 bytes)
Event: 4.928 Thread 0x0000019bea91c000 nmethod 2691 0x0000019bd8267310 code [0x0000019bd8267460, 0x0000019bd82675d8]
Event: 4.928 Thread 0x0000019bea91c000 2697       1       java.lang.reflect.Modifier::methodModifiers (4 bytes)
Event: 4.928 Thread 0x0000019bea91c000 nmethod 2697 0x0000019bd826c850 code [0x0000019bd826c9a0, 0x0000019bd826ca98]
Event: 4.929 Thread 0x0000019bea91c000 2698       3       java.lang.invoke.CallSite::maybeReBoxElements (24 bytes)
Event: 4.929 Thread 0x0000019bea91c000 nmethod 2698 0x0000019bd826be10 code [0x0000019bd826bfa0, 0x0000019bd826c650]

GC Heap History (10 events):
Event: 3.234 GC heap before
{Heap before GC invocations=3 (full 0):
 PSYoungGen      total 76288K, used 73270K [0x00000000f5580000, 0x00000000faa80000, 0x0000000100000000)
  eden space 65536K, 100% used [0x00000000f5580000,0x00000000f9580000,0x00000000f9580000)
  from space 10752K, 71% used [0x00000000fa000000,0x00000000fa78db98,0x00000000faa80000)
  to   space 10752K, 0% used [0x00000000f9580000,0x00000000f9580000,0x00000000fa000000)
 ParOldGen       total 175104K, used 24K [0x00000000e0000000, 0x00000000eab00000, 0x00000000f5580000)
  object space 175104K, 0% used [0x00000000e0000000,0x00000000e0006000,0x00000000eab00000)
 Metaspace       used 17703K, capacity 18466K, committed 18560K, reserved 1064960K
  class space    used 2501K, capacity 2677K, committed 2688K, reserved 1048576K
Event: 3.243 GC heap after
Heap after GC invocations=3 (full 0):
 PSYoungGen      total 76288K, used 10722K [0x00000000f5580000, 0x00000000faa80000, 0x0000000100000000)
  eden space 65536K, 0% used [0x00000000f5580000,0x00000000f5580000,0x00000000f9580000)
  from space 10752K, 99% used [0x00000000f9580000,0x00000000f9ff8990,0x00000000fa000000)
  to   space 10752K, 0% used [0x00000000fa000000,0x00000000fa000000,0x00000000faa80000)
 ParOldGen       total 175104K, used 210K [0x00000000e0000000, 0x00000000eab00000, 0x00000000f5580000)
  object space 175104K, 0% used [0x00000000e0000000,0x00000000e0034ae8,0x00000000eab00000)
 Metaspace       used 17703K, capacity 18466K, committed 18560K, reserved 1064960K
  class space    used 2501K, capacity 2677K, committed 2688K, reserved 1048576K
}
Event: 3.657 GC heap before
{Heap before GC invocations=4 (full 0):
 PSYoungGen      total 76288K, used 67682K [0x00000000f5580000, 0x00000000faa80000, 0x0000000100000000)
  eden space 65536K, 86% used [0x00000000f5580000,0x00000000f8d20140,0x00000000f9580000)
  from space 10752K, 99% used [0x00000000f9580000,0x00000000f9ff8990,0x00000000fa000000)
  to   space 10752K, 0% used [0x00000000fa000000,0x00000000fa000000,0x00000000faa80000)
 ParOldGen       total 175104K, used 210K [0x00000000e0000000, 0x00000000eab00000, 0x00000000f5580000)
  object space 175104K, 0% used [0x00000000e0000000,0x00000000e0034ae8,0x00000000eab00000)
 Metaspace       used 20435K, capacity 21288K, committed 21296K, reserved 1067008K
  class space    used 2983K, capacity 3192K, committed 3200K, reserved 1048576K
Event: 3.665 GC heap after
Heap after GC invocations=4 (full 0):
 PSYoungGen      total 76288K, used 10747K [0x00000000f5580000, 0x00000000faa80000, 0x0000000100000000)
  eden space 65536K, 0% used [0x00000000f5580000,0x00000000f5580000,0x00000000f9580000)
  from space 10752K, 99% used [0x00000000fa000000,0x00000000faa7eed8,0x00000000faa80000)
  to   space 10752K, 0% used [0x00000000f9580000,0x00000000f9580000,0x00000000fa000000)
 ParOldGen       total 175104K, used 250K [0x00000000e0000000, 0x00000000eab00000, 0x00000000f5580000)
  object space 175104K, 0% used [0x00000000e0000000,0x00000000e003eae8,0x00000000eab00000)
 Metaspace       used 20435K, capacity 21288K, committed 21296K, reserved 1067008K
  class space    used 2983K, capacity 3192K, committed 3200K, reserved 1048576K
}
Event: 3.665 GC heap before
{Heap before GC invocations=5 (full 1):
 PSYoungGen      total 76288K, used 10747K [0x00000000f5580000, 0x00000000faa80000, 0x0000000100000000)
  eden space 65536K, 0% used [0x00000000f5580000,0x00000000f5580000,0x00000000f9580000)
  from space 10752K, 99% used [0x00000000fa000000,0x00000000faa7eed8,0x00000000faa80000)
  to   space 10752K, 0% used [0x00000000f9580000,0x00000000f9580000,0x00000000fa000000)
 ParOldGen       total 175104K, used 250K [0x00000000e0000000, 0x00000000eab00000, 0x00000000f5580000)
  object space 175104K, 0% used [0x00000000e0000000,0x00000000e003eae8,0x00000000eab00000)
 Metaspace       used 20435K, capacity 21288K, committed 21296K, reserved 1067008K
  class space    used 2983K, capacity 3192K, committed 3200K, reserved 1048576K
Event: 3.697 GC heap after
Heap after GC invocations=5 (full 1):
 PSYoungGen      total 76288K, used 0K [0x00000000f5580000, 0x00000000faa80000, 0x0000000100000000)
  eden space 65536K, 0% used [0x00000000f5580000,0x00000000f5580000,0x00000000f9580000)
  from space 10752K, 0% used [0x00000000fa000000,0x00000000fa000000,0x00000000faa80000)
  to   space 10752K, 0% used [0x00000000f9580000,0x00000000f9580000,0x00000000fa000000)
 ParOldGen       total 175104K, used 10476K [0x00000000e0000000, 0x00000000eab00000, 0x00000000f5580000)
  object space 175104K, 5% used [0x00000000e0000000,0x00000000e0a3b2c8,0x00000000eab00000)
 Metaspace       used 20435K, capacity 21288K, committed 21296K, reserved 1067008K
  class space    used 2983K, capacity 3192K, committed 3200K, reserved 1048576K
}
Event: 4.203 GC heap before
{Heap before GC invocations=6 (full 1):
 PSYoungGen      total 76288K, used 65536K [0x00000000f5580000, 0x00000000faa80000, 0x0000000100000000)
  eden space 65536K, 100% used [0x00000000f5580000,0x00000000f9580000,0x00000000f9580000)
  from space 10752K, 0% used [0x00000000fa000000,0x00000000fa000000,0x00000000faa80000)
  to   space 10752K, 0% used [0x00000000f9580000,0x00000000f9580000,0x00000000fa000000)
 ParOldGen       total 175104K, used 10476K [0x00000000e0000000, 0x00000000eab00000, 0x00000000f5580000)
  object space 175104K, 5% used [0x00000000e0000000,0x00000000e0a3b2c8,0x00000000eab00000)
 Metaspace       used 24100K, capacity 25358K, committed 25472K, reserved 1071104K
  class space    used 3596K, capacity 3875K, committed 3968K, reserved 1048576K
Event: 4.206 GC heap after
Heap after GC invocations=6 (full 1):
 PSYoungGen      total 76288K, used 5410K [0x00000000f5580000, 0x00000000fd100000, 0x0000000100000000)
  eden space 65536K, 0% used [0x00000000f5580000,0x00000000f5580000,0x00000000f9580000)
  from space 10752K, 50% used [0x00000000f9580000,0x00000000f9ac8898,0x00000000fa000000)
  to   space 13312K, 0% used [0x00000000fc400000,0x00000000fc400000,0x00000000fd100000)
 ParOldGen       total 175104K, used 10484K [0x00000000e0000000, 0x00000000eab00000, 0x00000000f5580000)
  object space 175104K, 5% used [0x00000000e0000000,0x00000000e0a3d2c8,0x00000000eab00000)
 Metaspace       used 24100K, capacity 25358K, committed 25472K, reserved 1071104K
  class space    used 3596K, capacity 3875K, committed 3968K, reserved 1048576K
}
Event: 4.814 GC heap before
{Heap before GC invocations=7 (full 1):
 PSYoungGen      total 76288K, used 70946K [0x00000000f5580000, 0x00000000fd100000, 0x0000000100000000)
  eden space 65536K, 100% used [0x00000000f5580000,0x00000000f9580000,0x00000000f9580000)
  from space 10752K, 50% used [0x00000000f9580000,0x00000000f9ac8898,0x00000000fa000000)
  to   space 13312K, 0% used [0x00000000fc400000,0x00000000fc400000,0x00000000fd100000)
 ParOldGen       total 175104K, used 10484K [0x00000000e0000000, 0x00000000eab00000, 0x00000000f5580000)
  object space 175104K, 5% used [0x00000000e0000000,0x00000000e0a3d2c8,0x00000000eab00000)
 Metaspace       used 29337K, capacity 30884K, committed 31104K, reserved 1075200K
  class space    used 4343K, capacity 4678K, committed 4736K, reserved 1048576K
Event: 4.821 GC heap after
Heap after GC invocations=7 (full 1):
 PSYoungGen      total 113664K, used 7876K [0x00000000f5580000, 0x00000000fd100000, 0x0000000100000000)
  eden space 100352K, 0% used [0x00000000f5580000,0x00000000f5580000,0x00000000fb780000)
  from space 13312K, 59% used [0x00000000fc400000,0x00000000fcbb1258,0x00000000fd100000)
  to   space 12800K, 0% used [0x00000000fb780000,0x00000000fb780000,0x00000000fc400000)
 ParOldGen       total 175104K, used 10492K [0x00000000e0000000, 0x00000000eab00000, 0x00000000f5580000)
  object space 175104K, 5% used [0x00000000e0000000,0x00000000e0a3f2c8,0x00000000eab00000)
 Metaspace       used 29337K, capacity 30884K, committed 31104K, reserved 1075200K
  class space    used 4343K, capacity 4678K, committed 4736K, reserved 1048576K
}

Deoptimization events (10 events):
Event: 3.871 Thread 0x0000019beb123800 Uncommon trap: reason=array_check action=maybe_recompile pc=0x0000019bd7ffbddc method=java.util.AbstractCollection.toArray([Ljava/lang/Object;)[Ljava/lang/Object; @ 119
Event: 3.993 Thread 0x0000019beb123800 Uncommon trap: reason=predicate action=maybe_recompile pc=0x0000019bd80a579c method=com.google.common.base.CharMatcher.indexIn(Ljava/lang/CharSequence;I)I @ 22
Event: 4.294 Thread 0x0000019beb123800 Uncommon trap: reason=unstable_if action=reinterpret pc=0x0000019bd7edc6e0 method=java.util.HashMap.hash(Ljava/lang/Object;)I @ 1
Event: 4.294 Thread 0x0000019beb123800 Uncommon trap: reason=unstable_if action=reinterpret pc=0x0000019bd7ccece8 method=java.util.HashMap.hash(Ljava/lang/Object;)I @ 1
Event: 4.561 Thread 0x0000019beb123800 Uncommon trap: reason=unstable_if action=reinterpret pc=0x0000019bd81857f0 method=java.util.HashMap.putVal(ILjava/lang/Object;Ljava/lang/Object;ZZ)Ljava/lang/Object; @ 162
Event: 4.809 Thread 0x0000019beb123800 Uncommon trap: reason=class_check action=maybe_recompile pc=0x0000019bd81ca0b0 method=java.lang.reflect.Executable.getAnnotation(Ljava/lang/Class;)Ljava/lang/annotation/Annotation; @ 19
Event: 4.810 Thread 0x0000019beb123800 Uncommon trap: reason=class_check action=maybe_recompile pc=0x0000019bd81ca0b0 method=java.lang.reflect.Executable.getAnnotation(Ljava/lang/Class;)Ljava/lang/annotation/Annotation; @ 19
Event: 4.811 Thread 0x0000019beb123800 Uncommon trap: reason=class_check action=maybe_recompile pc=0x0000019bd81ca0b0 method=java.lang.reflect.Executable.getAnnotation(Ljava/lang/Class;)Ljava/lang/annotation/Annotation; @ 19
Event: 4.811 Thread 0x0000019beb123800 Uncommon trap: reason=class_check action=maybe_recompile pc=0x0000019bd81ca0b0 method=java.lang.reflect.Executable.getAnnotation(Ljava/lang/Class;)Ljava/lang/annotation/Annotation; @ 19
Event: 4.914 Thread 0x0000019beb123800 Uncommon trap: reason=unstable_if action=reinterpret pc=0x0000019bd7dea268 method=sun.misc.URLClassPath$JarLoader.getResource(Ljava/lang/String;ZLjava/util/Set;)Lsun/misc/Resource; @ 17

Classes redefined (0 events):
No events

Internal exceptions (10 events):
Event: 4.294 Thread 0x0000019beb123800 Implicit null exception at 0x0000019bd7ccec6f to 0x0000019bd7ccecd9
Event: 4.459 Thread 0x0000019beb123800 Exception <a 'java/lang/NoSuchMethodError': java.lang.Object.lambda$isEqual$3(Ljava/lang/Object;Ljava/lang/Object;)Z> (0x00000000f789a988) thrown at [C:\jenkins\workspace\8-2-build-windows-x64-cygwin-sans-NAS\jdk8u391\514\hotspot\src\share\vm\interpreter\
Event: 4.462 Thread 0x0000019beb123800 Exception <a 'java/lang/NoSuchMethodError': java.lang.Object.lambda$identity$2(Ljava/lang/Object;)Ljava/lang/Object;> (0x00000000f7951b60) thrown at [C:\jenkins\workspace\8-2-build-windows-x64-cygwin-sans-NAS\jdk8u391\514\hotspot\src\share\vm\interpreter\
Event: 4.480 Thread 0x0000019beb123800 Exception <a 'java/lang/IncompatibleClassChangeError': Found class java.lang.Object, but interface was expected> (0x00000000f7b8cbe8) thrown at [C:\jenkins\workspace\8-2-build-windows-x64-cygwin-sans-NAS\jdk8u391\514\hotspot\src\share\vm\interpreter\linkR
Event: 4.916 Thread 0x0000019beb123800 Exception <a 'java/lang/ClassNotFoundException': groovy/lang/ExpandoMetaClassBeanInfo> (0x00000000f5d6b8c8) thrown at [C:\jenkins\workspace\8-2-build-windows-x64-cygwin-sans-NAS\jdk8u391\514\hotspot\src\share\vm\classfile\systemDictionary.cpp, line 213]
Event: 4.917 Thread 0x0000019beb123800 Exception <a 'java/lang/ClassNotFoundException': groovy/lang/MetaClassImplBeanInfo> (0x00000000f5da28c8) thrown at [C:\jenkins\workspace\8-2-build-windows-x64-cygwin-sans-NAS\jdk8u391\514\hotspot\src\share\vm\classfile\systemDictionary.cpp, line 213]
Event: 4.917 Thread 0x0000019beb123800 Exception <a 'java/lang/ClassNotFoundException': java/lang/ObjectBeanInfo> (0x00000000f5dae8d0) thrown at [C:\jenkins\workspace\8-2-build-windows-x64-cygwin-sans-NAS\jdk8u391\514\hotspot\src\share\vm\classfile\systemDictionary.cpp, line 213]
Event: 4.918 Thread 0x0000019beb123800 Exception <a 'java/lang/ClassNotFoundException': java/lang/ObjectCustomizer> (0x00000000f5dbb088) thrown at [C:\jenkins\workspace\8-2-build-windows-x64-cygwin-sans-NAS\jdk8u391\514\hotspot\src\share\vm\classfile\systemDictionary.cpp, line 213]
Event: 4.924 Thread 0x0000019beb123800 Exception <a 'java/lang/ClassNotFoundException': groovy/lang/MetaClassImplCustomizer> (0x00000000f5e048a0) thrown at [C:\jenkins\workspace\8-2-build-windows-x64-cygwin-sans-NAS\jdk8u391\514\hotspot\src\share\vm\classfile\systemDictionary.cpp, line 213]
Event: 4.927 Thread 0x0000019beb123800 Exception <a 'java/lang/ClassNotFoundException': groovy/lang/ExpandoMetaClassCustomizer> (0x00000000f5e62d88) thrown at [C:\jenkins\workspace\8-2-build-windows-x64-cygwin-sans-NAS\jdk8u391\514\hotspot\src\share\vm\classfile\systemDictionary.cpp, line 213]

Events (10 events):
Event: 4.928 loading class org/codehaus/groovy/reflection/CachedField
Event: 4.928 loading class org/codehaus/groovy/reflection/CachedField done
Event: 4.928 loading class org/codehaus/groovy/reflection/CachedClass$1
Event: 4.928 loading class org/codehaus/groovy/reflection/CachedClass$1 done
Event: 4.929 loading class org/codehaus/groovy/reflection/CachedField
Event: 4.929 loading class org/codehaus/groovy/reflection/CachedField done
Event: 4.929 loading class org/codehaus/groovy/reflection/CachedField
Event: 4.929 loading class org/codehaus/groovy/reflection/CachedField done
Event: 4.930 loading class org/codehaus/groovy/util/ComplexKeyHashMap$1
Event: 4.930 loading class org/codehaus/groovy/util/ComplexKeyHashMap$1 done


Dynamic libraries:
0x00007ff67aca0000 - 0x00007ff67acea000 	C:\Program Files\Java\jre-1.8\bin\java.exe
0x00007fff794b0000 - 0x00007fff796c6000 	C:\WINDOWS\SYSTEM32\ntdll.dll
0x00007fff787c0000 - 0x00007fff78884000 	C:\WINDOWS\System32\KERNEL32.DLL
0x00007fff76d30000 - 0x00007fff770d6000 	C:\WINDOWS\System32\KERNELBASE.dll
0x00007fff78ec0000 - 0x00007fff78f72000 	C:\WINDOWS\System32\ADVAPI32.dll
0x00007fff77600000 - 0x00007fff776a7000 	C:\WINDOWS\System32\msvcrt.dll
0x00007fff774a0000 - 0x00007fff77548000 	C:\WINDOWS\System32\sechost.dll
0x00007fff76c90000 - 0x00007fff76cb8000 	C:\WINDOWS\System32\bcrypt.dll
0x00007fff78ff0000 - 0x00007fff79105000 	C:\WINDOWS\System32\RPCRT4.dll
0x00007fff77200000 - 0x00007fff773ad000 	C:\WINDOWS\System32\USER32.dll
0x00007fff76a20000 - 0x00007fff76a46000 	C:\WINDOWS\System32\win32u.dll
0x00007fff77f20000 - 0x00007fff77f49000 	C:\WINDOWS\System32\GDI32.dll
0x00007fff76b70000 - 0x00007fff76c88000 	C:\WINDOWS\System32\gdi32full.dll
0x00007fff76a50000 - 0x00007fff76aea000 	C:\WINDOWS\System32\msvcp_win.dll
0x00007fff770e0000 - 0x00007fff771f1000 	C:\WINDOWS\System32\ucrtbase.dll
0x00007fff5f580000 - 0x00007fff5f813000 	C:\WINDOWS\WinSxS\amd64_microsoft.windows.common-controls_6595b64144ccf1df_6.0.22621.3235_none_270f74e173860f98\COMCTL32.dll
0x00007fff78580000 - 0x00007fff785b1000 	C:\WINDOWS\System32\IMM32.DLL
0x00007fff5c770000 - 0x00007fff5c78b000 	C:\Program Files\Java\jre-1.8\bin\vcruntime140.dll
0x00007fff5f4e0000 - 0x00007fff5f4ec000 	C:\Program Files\Java\jre-1.8\bin\vcruntime140_1.dll
0x00007fff2f770000 - 0x00007fff2f7fe000 	C:\Program Files\Java\jre-1.8\bin\msvcp140.dll
0x00007fff15100000 - 0x00007fff159b0000 	C:\Program Files\Java\jre-1.8\bin\server\jvm.dll
0x00007fff78fe0000 - 0x00007fff78fe8000 	C:\WINDOWS\System32\PSAPI.DLL
0x00007fff704a0000 - 0x00007fff704d4000 	C:\WINDOWS\SYSTEM32\WINMM.dll
0x00007fff6d530000 - 0x00007fff6d53a000 	C:\WINDOWS\SYSTEM32\VERSION.dll
0x00007fff50dc0000 - 0x00007fff50dc9000 	C:\WINDOWS\SYSTEM32\WSOCK32.dll
0x00007fff78890000 - 0x00007fff78901000 	C:\WINDOWS\System32\WS2_32.dll
0x00007fff757f0000 - 0x00007fff75808000 	C:\WINDOWS\SYSTEM32\kernel.appcore.dll
0x00007fff5e1d0000 - 0x00007fff5e1e0000 	C:\Program Files\Java\jre-1.8\bin\verify.dll
0x00007fff4d5f0000 - 0x00007fff4d61b000 	C:\Program Files\Java\jre-1.8\bin\java.dll
0x00007fff4d3c0000 - 0x00007fff4d3f4000 	C:\Program Files\Java\jre-1.8\bin\instrument.dll
0x00007fff5be20000 - 0x00007fff5be38000 	C:\Program Files\Java\jre-1.8\bin\zip.dll
0x00007fff776b0000 - 0x00007fff77f0d000 	C:\WINDOWS\System32\SHELL32.dll
0x00007fff74700000 - 0x00007fff74ff8000 	C:\WINDOWS\SYSTEM32\windows.storage.dll
0x00007fff781f0000 - 0x00007fff78578000 	C:\WINDOWS\System32\combase.dll
0x00007fff745c0000 - 0x00007fff746fe000 	C:\WINDOWS\SYSTEM32\wintypes.dll
0x00007fff79270000 - 0x00007fff79363000 	C:\WINDOWS\System32\SHCORE.dll
0x00007fff78760000 - 0x00007fff787be000 	C:\WINDOWS\System32\shlwapi.dll
0x00007fff76720000 - 0x00007fff76746000 	C:\WINDOWS\SYSTEM32\profapi.dll
0x00007fff5bd90000 - 0x00007fff5bdac000 	C:\Program Files\Java\jre-1.8\bin\net.dll
0x00007fff75c60000 - 0x00007fff75cc9000 	C:\WINDOWS\system32\mswsock.dll
0x00007fff5a4c0000 - 0x00007fff5a4d3000 	C:\Program Files\Java\jre-1.8\bin\nio.dll
0x00007fff506b0000 - 0x00007fff506d7000 	C:\Users\Ivan\.gradle\native\c067742578af261105cb4f569cf0c3c89f3d7b1fecec35dd04571415982c5e48\windows-amd64\native-platform.dll
0x00007fff2e520000 - 0x00007fff2e664000 	C:\Users\Ivan\.gradle\native\38dada09dfb8b06ba9b0570ebf7e218e3eb74d4ef43ca46872605cf95ebc2f47\windows-amd64\native-platform-file-events.dll
0x00007fff5c760000 - 0x00007fff5c76d000 	C:\Program Files\Java\jre-1.8\bin\management.dll
0x00007fff75fb0000 - 0x00007fff75fcb000 	C:\WINDOWS\SYSTEM32\CRYPTSP.dll
0x00007fff75750000 - 0x00007fff75785000 	C:\WINDOWS\system32\rsaenh.dll
0x00007fff75d00000 - 0x00007fff75d2c000 	C:\WINDOWS\SYSTEM32\USERENV.dll
0x00007fff76af0000 - 0x00007fff76b6a000 	C:\WINDOWS\System32\bcryptprimitives.dll
0x00007fff75f90000 - 0x00007fff75f9c000 	C:\WINDOWS\SYSTEM32\CRYPTBASE.dll
0x00007fff75260000 - 0x00007fff7528d000 	C:\WINDOWS\SYSTEM32\IPHLPAPI.DLL
0x00007fff77f10000 - 0x00007fff77f19000 	C:\WINDOWS\System32\NSI.dll
0x00007fff712d0000 - 0x00007fff712e9000 	C:\WINDOWS\SYSTEM32\dhcpcsvc6.DLL
0x00007fff70ac0000 - 0x00007fff70adf000 	C:\WINDOWS\SYSTEM32\dhcpcsvc.DLL
0x00007fff752d0000 - 0x00007fff753c9000 	C:\WINDOWS\SYSTEM32\DNSAPI.dll
0x00007fff73e40000 - 0x00007fff74073000 	C:\WINDOWS\SYSTEM32\dbghelp.dll
0x00007fff78110000 - 0x00007fff781e7000 	C:\WINDOWS\System32\OLEAUT32.dll

VM Arguments:
jvm_args: -XX:MaxMetaspaceSize=384m -XX:+HeapDumpOnOutOfMemoryError -Xms256m -Xmx512m -Dfile.encoding=windows-1251 -Duser.country=RU -Duser.language=ru -Duser.variant -javaagent:C:\Users\Ivan\.gradle\wrapper\dists\gradle-8.6-bin\afr5mpiioh2wthjmwnkmdsd5w\gradle-8.6\lib\agents\gradle-instrumentation-agent-8.6.jar 
java_command: org.gradle.launcher.daemon.bootstrap.GradleDaemon 8.6
java_class_path (initial): C:\Users\Ivan\.gradle\wrapper\dists\gradle-8.6-bin\afr5mpiioh2wthjmwnkmdsd5w\gradle-8.6\lib\gradle-launcher-8.6.jar;C:\Users\Ivan\.gradle\wrapper\dists\gradle-8.6-bin\afr5mpiioh2wthjmwnkmdsd5w\gradle-8.6\lib\agents\gradle-instrumentation-agent-8.6.jar
Launcher Type: SUN_STANDARD

Environment Variables:
CLASSPATH=C:\Project\GameStoreBackendKotlin\\gradle\wrapper\gradle-wrapper.jar
PATH=C:\Program Files (x86)\Common Files\Oracle\Java\javapath;C:\WINDOWS\system32;C:\WINDOWS;C:\WINDOWS\System32\Wbem;C:\WINDOWS\System32\WindowsPowerShell\v1.0\;C:\WINDOWS\System32\OpenSSH\;C:\Program Files\dotnet\;C:\Program Files\Git\cmd;C:\Program Files\PuTTY\;C:\Program Files\Common Files\Autodesk Shared\;C:\Program Files\Docker\Docker\resources\bin;C:\Users\Ivan\AppData\Roaming\nvm;C:\Program Files\nodejs;C:\nodejs;C:\Users\Ivan\AppData\Local\Microsoft\WindowsApps;C:\Users\Ivan\AppData\Local\GitHubDesktop\bin;C:\Program Files\JetBrains\PyCharm 2023.1.3\bin;;C:\Users\Ivan\AppData\Local\Microsoft\WindowsApps\PythonSoftwareFoundation.Python.3.9_qbz5n2kfra8p0;C:\Program Files\JetBrains\IntelliJ IDEA 2023.1.3\bin;;C:\Users\Ivan\.dotnet\tools;C:\Users\Ivan\AppData\Local\Programs\Bito;C:\Users\Ivan\AppData\Local\Programs\Microsoft VS Code\bin;C:\Users\Ivan\AppData\Roaming\nvm;C:\Program Files\nodejs;C:\Users\Ivan\AppData\Roaming\npm;C:\nodejs;
USERNAME=Ivan
OS=Windows_NT
PROCESSOR_IDENTIFIER=Intel64 Family 6 Model 142 Stepping 12, GenuineIntel



---------------  S Y S T E M  ---------------

OS: Windows 11 , 64 bit Build 22621 (10.0.22621.3235)

CPU:total 8 (initial active 8) (4 cores per cpu, 2 threads per core) family 6 model 142 stepping 12, cmov, cx8, fxsr, mmx, sse, sse2, sse3, ssse3, sse4.1, sse4.2, popcnt, avx, avx2, aes, clmul, erms, 3dnowpref, lzcnt, ht, tsc, tscinvbit, bmi1, bmi2, adx

Memory: 4k page, physical 16605396k(2070824k free), swap 20725972k(2120k free)

vm_info: Java HotSpot(TM) 64-Bit Server VM (25.391-b13) for windows-amd64 JRE (1.8.0_391-b13), built on Oct  4 2023 07:54:08 by "java_re" with MS VC++ 17.1 (VS2022)

time: Tue Mar 26 01:11:49 2024
timezone: RTZ 2 ( Family 6 Model 142 Stepping 12, GenuineIntel
elapsed time: 4.956639 seconds (0d 0h 0m 4s)

